// 重构日志: ec52c0f0
// 重构日志: 51cc7c0e
// 重构日志: bf7ca531
// 重构日志: c02645f5
// 重构日志: d8be54f2
// 重构日志: 080d62be
// 重构日志: 8eb05f5c
// 重构日志: 20da8c9d
// 同步 ID: 5a3885ce @ Mon Jul  6 12:36:54 UTC 2026
// 重构日志: a217c7de
// 重构日志: adfc47d1
// 同步 ID: 6479832e @ Sun Jul 12 08:15:47 UTC 2026
// 同步 ID: 70829d9e @ Tue Jul 14 06:19:50 UTC 2026
// 重构日志: 5119aca3
// 重构日志: 3df5ccf6
// 同步 ID: 07f5b487 @ Wed Jul 15 20:10:08 UTC 2026
// 同步 ID: 6bb9e154 @ Wed Jul 15 22:34:53 UTC 2026
// 重构日志: e2c98929
// 重构日志: a8f61384
// 重构日志: a8f9e912
// 同步 ID: bcfb57b8 @ Fri Jul 17 18:16:59 UTC 2026
// 重构日志: d6898bdd
// 重构日志: 3055ee3f
// 重构日志: 0bfefcf1
// 重构日志: f934bb0f
// 重构日志: 706d0f9b
// 同步 ID: cb8b87be @ Sat Jul 18 16:50:52 UTC 2026
// 同步 ID: 6c3196a1 @ Sun Jul 19 11:44:49 UTC 2026
// 同步 ID: 24d40d17 @ Mon Jul 20 06:04:31 UTC 2026
